
=== Wed Sep 11 14:53:23 2019

Packages were changed.
Update Mode: mergeDefaultDependencies

The following packages were added:
  com.unity.package-manager-ui@2.2.0
  com.unity.ext.nunit@1.0.0
  com.unity.test-framework@1.0.13
  com.unity.ide.vscode@1.0.7
  com.unity.ide.rider@1.0.8
  com.unity.ugui@1.0.0
  com.unity.modules.androidjni@1.0.0
The following packages were updated:
  com.unity.collab-proxy from version 1.2.9 to 1.2.16
  com.unity.textmeshpro from version 2.0.0 to 2.0.1
  com.unity.timeline from version 0.0.0-builtin to 1.1.0

=== Wed Sep 11 15:04:40 2019

Packages were changed.
Update Mode: updateDependencies

The following packages were updated:
  com.unity.ide.rider from version 1.0.8 to 1.1.0

=== Thu Oct 15 18:42:46 2020

Packages were changed.
Update Mode: updateDependencies

The following packages were updated:
  com.unity.ide.rider from version 1.1.0 to 1.1.4
  com.unity.ide.vscode from version 1.0.7 to 1.2.1
  com.unity.test-framework from version 1.0.13 to 1.1.16
  com.unity.timeline from version 1.1.0 to 1.2.6
The following packages were removed:
  com.unity.package-manager-ui@2.2.0

=== Tue Jul 27 18:26:17 2021

Packages were changed.
Update Mode: updateDependencies

The following packages were updated:
  com.unity.ext.nunit from version 1.0.0 to 1.0.6
  com.unity.ide.vscode from version 1.2.1 to 1.2.3
  com.unity.test-framework from version 1.1.16 to 1.1.22
  com.unity.timeline from version 1.2.6 to 1.2.18

=== Thu Feb  9 22:27:05 2023

Packages were changed.
Update Mode: updateDependencies

The following packages were added:
  com.unity.ide.visualstudio@2.0.9
The following packages were updated:
  com.unity.collab-proxy from version 1.2.16 to 1.7.1
  com.unity.ide.rider from version 1.1.4 to 2.0.7
  com.unity.test-framework from version 1.1.22 to 1.1.27
  com.unity.textmeshpro from version 2.0.1 to 3.0.6
  com.unity.timeline from version 1.2.18 to 1.4.8
